Started GET "/" for 127.0.0.1 at 2018-12-01 13:31:32 -0800
Processing by MainController#index as HTML
  Rendering main/index.html.erb within layouts/application
  Rendered main/index.html.erb within layouts/application (3.0ms)
Completed 200 OK in 1012ms (Views: 1000.3ms | ActiveRecord: 0.0ms)


Started GET "/" for 127.0.0.1 at 2018-12-01 13:35:30 -0800
Processing by MainController#index as HTML
  Rendering main/index.html.erb within layouts/application
  Rendered main/index.html.erb within layouts/application (1.3ms)
Completed 500 Internal Server Error in 319ms (ActiveRecord: 0.0ms)


  
ActionView::Template::Error (couldn't find file 'material;' with type 'text/css'
Checked in these paths: 
  /Users/daniel/Desktop/Projects/peakpodcasting/webapp/peakpodcasting/app/assets/config
  /Users/daniel/Desktop/Projects/peakpodcasting/webapp/peakpodcasting/app/assets/images
  /Users/daniel/Desktop/Projects/peakpodcasting/webapp/peakpodcasting/app/assets/javascripts
  /Users/daniel/Desktop/Projects/peakpodcasting/webapp/peakpodcasting/app/assets/stylesheets
  /Users/daniel/.rvm/gems/ruby-2.5.1/gems/material_design_lite-rails-1.3.0/vendor/assets/javascripts
  /Users/daniel/.rvm/gems/ruby-2.5.1/gems/material_design_lite-rails-1.3.0/vendor/assets/stylesheets
  /Users/daniel/.rvm/gems/ruby-2.5.1/gems/coffee-rails-4.2.2/lib/assets/javascripts
  /Users/daniel/.rvm/rubies/ruby-2.5.1/lib/ruby/gems/2.5.0/gems/actioncable-5.2.1.1/lib/assets/compiled
  /Users/daniel/.rvm/rubies/ruby-2.5.1/lib/ruby/gems/2.5.0/gems/activestorage-5.2.1.1/app/assets/javascripts
  /Users/daniel/.rvm/rubies/ruby-2.5.1/lib/ruby/gems/2.5.0/gems/actionview-5.2.1.1/lib/assets/compiled
  /Users/daniel/.rvm/gems/ruby-2.5.1/gems/turbolinks-source-5.2.0/lib/assets/javascripts
  /Users/daniel/Desktop/Projects/peakpodcasting/webapp/peakpodcasting/node_modules):
     5:     <%= csrf_meta_tags %>
     6:     <%= csp_meta_tag %>
     7: 
     8:     <%= stylesheet_link_tag    'application', media: 'all', 'data-turbolinks-track': 'reload' %>
     9:     <%= javascript_include_tag 'application', 'data-turbolinks-track': 'reload' %>
    10:     <%= stylesheet_link_tag "https://fonts.googleapis.com/icon?family=Material+Icons" %>
    11: 
  
app/assets/stylesheets/application.css:15
app/views/layouts/application.html.erb:8:in `_app_views_layouts_application_html_erb___2415782734260693869_70222201474280'
Started GET "/" for 127.0.0.1 at 2018-12-01 13:37:04 -0800
Processing by MainController#index as HTML
  Rendering main/index.html.erb within layouts/application
  Rendered main/index.html.erb within layouts/application (1.3ms)
Completed 500 Internal Server Error in 277ms (ActiveRecord: 0.0ms)


  
ActionView::Template::Error (couldn't find file 'material;' with type 'text/css'
Checked in these paths: 
  /Users/daniel/Desktop/Projects/peakpodcasting/webapp/peakpodcasting/app/assets/config
  /Users/daniel/Desktop/Projects/peakpodcasting/webapp/peakpodcasting/app/assets/images
  /Users/daniel/Desktop/Projects/peakpodcasting/webapp/peakpodcasting/app/assets/javascripts
  /Users/daniel/Desktop/Projects/peakpodcasting/webapp/peakpodcasting/app/assets/stylesheets
  /Users/daniel/.rvm/gems/ruby-2.5.1/gems/material_design_lite-rails-1.3.0/vendor/assets/javascripts
  /Users/daniel/.rvm/gems/ruby-2.5.1/gems/material_design_lite-rails-1.3.0/vendor/assets/stylesheets
  /Users/daniel/.rvm/gems/ruby-2.5.1/gems/coffee-rails-4.2.2/lib/assets/javascripts
  /Users/daniel/.rvm/rubies/ruby-2.5.1/lib/ruby/gems/2.5.0/gems/actioncable-5.2.1.1/lib/assets/compiled
  /Users/daniel/.rvm/rubies/ruby-2.5.1/lib/ruby/gems/2.5.0/gems/activestorage-5.2.1.1/app/assets/javascripts
  /Users/daniel/.rvm/rubies/ruby-2.5.1/lib/ruby/gems/2.5.0/gems/actionview-5.2.1.1/lib/assets/compiled
  /Users/daniel/.rvm/gems/ruby-2.5.1/gems/turbolinks-source-5.2.0/lib/assets/javascripts
  /Users/daniel/Desktop/Projects/peakpodcasting/webapp/peakpodcasting/node_modules):
     5:     <%= csrf_meta_tags %>
     6:     <%= csp_meta_tag %>
     7: 
     8:     <%= stylesheet_link_tag    'application', media: 'all', 'data-turbolinks-track': 'reload' %>
     9:     <%= javascript_include_tag 'application', 'data-turbolinks-track': 'reload' %>
    10:     <%= stylesheet_link_tag "https://fonts.googleapis.com/icon?family=Material+Icons" %>
    11: 
  
app/assets/stylesheets/application.css:15
app/views/layouts/application.html.erb:8:in `_app_views_layouts_application_html_erb___1895417536411515657_70193785981940'
Started GET "/" for 127.0.0.1 at 2018-12-01 13:37:45 -0800
Processing by MainController#index as HTML
  Rendering main/index.html.erb within layouts/application
  Rendered main/index.html.erb within layouts/application (0.3ms)
Completed 500 Internal Server Error in 23ms (ActiveRecord: 0.0ms)


  
ActionView::Template::Error (couldn't find file 'material;' with type 'text/css'
Checked in these paths: 
  /Users/daniel/Desktop/Projects/peakpodcasting/webapp/peakpodcasting/app/assets/config
  /Users/daniel/Desktop/Projects/peakpodcasting/webapp/peakpodcasting/app/assets/images
  /Users/daniel/Desktop/Projects/peakpodcasting/webapp/peakpodcasting/app/assets/javascripts
  /Users/daniel/Desktop/Projects/peakpodcasting/webapp/peakpodcasting/app/assets/stylesheets
  /Users/daniel/.rvm/gems/ruby-2.5.1/gems/material_design_lite-rails-1.3.0/vendor/assets/javascripts
  /Users/daniel/.rvm/gems/ruby-2.5.1/gems/material_design_lite-rails-1.3.0/vendor/assets/stylesheets
  /Users/daniel/.rvm/gems/ruby-2.5.1/gems/coffee-rails-4.2.2/lib/assets/javascripts
  /Users/daniel/.rvm/rubies/ruby-2.5.1/lib/ruby/gems/2.5.0/gems/actioncable-5.2.1.1/lib/assets/compiled
  /Users/daniel/.rvm/rubies/ruby-2.5.1/lib/ruby/gems/2.5.0/gems/activestorage-5.2.1.1/app/assets/javascripts
  /Users/daniel/.rvm/rubies/ruby-2.5.1/lib/ruby/gems/2.5.0/gems/actionview-5.2.1.1/lib/assets/compiled
  /Users/daniel/.rvm/gems/ruby-2.5.1/gems/turbolinks-source-5.2.0/lib/assets/javascripts
  /Users/daniel/Desktop/Projects/peakpodcasting/webapp/peakpodcasting/node_modules):
     5:     <%= csrf_meta_tags %>
     6:     <%= csp_meta_tag %>
     7: 
     8:     <%= stylesheet_link_tag    'application', media: 'all', 'data-turbolinks-track': 'reload' %>
     9:     <%= javascript_include_tag 'application', 'data-turbolinks-track': 'reload' %>
    10:     <%= stylesheet_link_tag "https://fonts.googleapis.com/icon?family=Material+Icons" %>
    11: 
  
app/assets/stylesheets/application.css:15
app/views/layouts/application.html.erb:8:in `_app_views_layouts_application_html_erb___1895417536411515657_70193773585460'
Started GET "/" for 127.0.0.1 at 2018-12-01 13:38:01 -0800
Processing by MainController#index as HTML
  Rendering main/index.html.erb within layouts/application
  Rendered main/index.html.erb within layouts/application (0.3ms)
Completed 200 OK in 310ms (Views: 305.2ms | ActiveRecord: 0.0ms)


